<?xml version="1.0" encoding="UTF-8"?>
<testsuite xmlns:xsi="http://www.w3.org/2001/XMLSchema-instance" xsi:noNamespaceSchemaLocation="https://maven.apache.org/surefire/maven-surefire-plugin/xsd/surefire-test-report-3.0.xsd" version="3.0" name="intelipost.nifi.processors.TokenGenerator.MyProcessorTest" time="0.232" tests="1" errors="0" skipped="0" failures="0">
  <properties>
    <property name="sun.desktop" value="windows"/>
    <property name="awt.toolkit" value="sun.awt.windows.WToolkit"/>
    <property name="java.specification.version" value="11"/>
    <property name="sun.cpu.isalist" value="amd64"/>
    <property name="sun.jnu.encoding" value="Cp1252"/>
    <property name="java.class.path" value="C:\Users\carlos.silva\Desktop\custom-processor\processadores - Apache Nifi\intelipost-tokengenerator\nifi-TokenGenerator-processors\target\test-classes;C:\Users\carlos.silva\Desktop\custom-processor\processadores - Apache Nifi\intelipost-tokengenerator\nifi-TokenGenerator-processors\target\classes;C:\Users\carlos.silva\.m2\repository\org\apache\nifi\nifi-api\1.22.0\nifi-api-1.22.0.jar;C:\Users\carlos.silva\.m2\repository\org\apache\nifi\nifi-utils\1.22.0\nifi-utils-1.22.0.jar;C:\Users\carlos.silva\.m2\repository\jakarta\xml\bind\jakarta.xml.bind-api\2.3.3\jakarta.xml.bind-api-2.3.3.jar;C:\Users\carlos.silva\.m2\repository\jakarta\activation\jakarta.activation-api\1.2.2\jakarta.activation-api-1.2.2.jar;C:\Users\carlos.silva\.m2\repository\org\glassfish\jaxb\jaxb-runtime\2.3.5\jaxb-runtime-2.3.5.jar;C:\Users\carlos.silva\.m2\repository\org\glassfish\jaxb\txw2\2.3.5\txw2-2.3.5.jar;C:\Users\carlos.silva\.m2\repository\com\sun\istack\istack-commons-runtime\3.0.12\istack-commons-runtime-3.0.12.jar;C:\Users\carlos.silva\.m2\repository\com\sun\activation\jakarta.activation\1.2.2\jakarta.activation-1.2.2.jar;C:\Users\carlos.silva\.m2\repository\org\apache\nifi\nifi-mock\1.22.0\nifi-mock-1.22.0.jar;C:\Users\carlos.silva\.m2\repository\org\apache\nifi\nifi-framework-api\1.22.0\nifi-framework-api-1.22.0.jar;C:\Users\carlos.silva\.m2\repository\org\apache\nifi\nifi-parameter\1.22.0\nifi-parameter-1.22.0.jar;C:\Users\carlos.silva\.m2\repository\org\apache\nifi\nifi-framework-core-api\1.22.0\nifi-framework-core-api-1.22.0.jar;C:\Users\carlos.silva\.m2\repository\org\apache\nifi\nifi-framework-nar-utils\1.22.0\nifi-framework-nar-utils-1.22.0.jar;C:\Users\carlos.silva\.m2\repository\org\apache\nifi\nifi-runtime-manifest-core\1.22.0\nifi-runtime-manifest-core-1.22.0.jar;C:\Users\carlos.silva\.m2\repository\org\apache\nifi\nifi-extension-manifest-model\1.22.0\nifi-extension-manifest-model-1.22.0.jar;C:\Users\carlos.silva\.m2\repository\org\apache\nifi\nifi-extension-manifest-parser\1.22.0\nifi-extension-manifest-parser-1.22.0.jar;C:\Users\carlos.silva\.m2\repository\org\apache\nifi\nifi-client-dto\1.22.0\nifi-client-dto-1.22.0.jar;C:\Users\carlos.silva\.m2\repository\io\swagger\swagger-annotations\1.6.11\swagger-annotations-1.6.11.jar;C:\Users\carlos.silva\.m2\repository\org\apache\nifi\c2-protocol-component-api\1.22.0\c2-protocol-component-api-1.22.0.jar;C:\Users\carlos.silva\.m2\repository\org\apache\nifi\nifi-site-to-site-client\1.22.0\nifi-site-to-site-client-1.22.0.jar;C:\Users\carlos.silva\.m2\repository\org\apache\nifi\nifi-security-utils\1.22.0\nifi-security-utils-1.22.0.jar;C:\Users\carlos.silva\.m2\repository\org\apache\nifi\nifi-deprecation-log\1.22.0\nifi-deprecation-log-1.22.0.jar;C:\Users\carlos.silva\.m2\repository\org\bouncycastle\bcprov-jdk18on\1.71\bcprov-jdk18on-1.71.jar;C:\Users\carlos.silva\.m2\repository\org\bouncycastle\bcpkix-jdk18on\1.71\bcpkix-jdk18on-1.71.jar;C:\Users\carlos.silva\.m2\repository\org\bouncycastle\bcutil-jdk18on\1.71\bcutil-jdk18on-1.71.jar;C:\Users\carlos.silva\.m2\repository\org\apache\nifi\nifi-properties\1.22.0\nifi-properties-1.22.0.jar;C:\Users\carlos.silva\.m2\repository\org\apache\nifi\nifi-property-utils\1.22.0\nifi-property-utils-1.22.0.jar;C:\Users\carlos.silva\.m2\repository\at\favre\lib\bcrypt\0.10.2\bcrypt-0.10.2.jar;C:\Users\carlos.silva\.m2\repository\at\favre\lib\bytes\1.5.0\bytes-1.5.0.jar;C:\Users\carlos.silva\.m2\repository\org\apache\nifi\nifi-security-utils-api\1.22.0\nifi-security-utils-api-1.22.0.jar;C:\Users\carlos.silva\.m2\repository\org\apache\nifi\nifi-security-ssl\1.22.0\nifi-security-ssl-1.22.0.jar;C:\Users\carlos.silva\.m2\repository\org\apache\nifi\nifi-xml-processing\1.22.0\nifi-xml-processing-1.22.0.jar;C:\Users\carlos.silva\.m2\repository\org\apache\httpcomponents\client5\httpclient5\5.0-beta4\httpclient5-5.0-beta4.jar;C:\Users\carlos.silva\.m2\repository\org\apache\httpcomponents\core5\httpcore5\5.0-beta7\httpcore5-5.0-beta7.jar;C:\Users\carlos.silva\.m2\repository\org\apache\httpcomponents\core5\httpcore5-h2\5.0-beta7\httpcore5-h2-5.0-beta7.jar;C:\Users\carlos.silva\.m2\repository\org\apache\httpcomponents\httpasyncclient\4.1.5\httpasyncclient-4.1.5.jar;C:\Users\carlos.silva\.m2\repository\org\apache\httpcomponents\httpcore\4.4.16\httpcore-4.4.16.jar;C:\Users\carlos.silva\.m2\repository\org\apache\httpcomponents\httpcore-nio\4.4.15\httpcore-nio-4.4.15.jar;C:\Users\carlos.silva\.m2\repository\org\apache\httpcomponents\httpclient\4.5.14\httpclient-4.5.14.jar;C:\Users\carlos.silva\.m2\repository\javax\validation\validation-api\2.0.1.Final\validation-api-2.0.1.Final.jar;C:\Users\carlos.silva\.m2\repository\org\apache\commons\commons-lang3\3.12.0\commons-lang3-3.12.0.jar;C:\Users\carlos.silva\.m2\repository\org\apache\nifi\nifi-framework-authorization\1.22.0\nifi-framework-authorization-1.22.0.jar;C:\Users\carlos.silva\.m2\repository\org\apache\nifi\nifi-expression-language\1.22.0\nifi-expression-language-1.22.0.jar;C:\Users\carlos.silva\.m2\repository\org\antlr\antlr-runtime\3.5.3\antlr-runtime-3.5.3.jar;C:\Users\carlos.silva\.m2\repository\org\apache\nifi\nifi-uuid5\1.22.0\nifi-uuid5-1.22.0.jar;C:\Users\carlos.silva\.m2\repository\com\jayway\jsonpath\json-path\2.8.0\json-path-2.8.0.jar;C:\Users\carlos.silva\.m2\repository\net\minidev\json-smart\2.4.11\json-smart-2.4.11.jar;C:\Users\carlos.silva\.m2\repository\net\minidev\accessors-smart\2.4.11\accessors-smart-2.4.11.jar;C:\Users\carlos.silva\.m2\repository\org\ow2\asm\asm\9.3\asm-9.3.jar;C:\Users\carlos.silva\.m2\repository\com\fasterxml\jackson\core\jackson-databind\2.15.2\jackson-databind-2.15.2.jar;C:\Users\carlos.silva\.m2\repository\com\fasterxml\jackson\core\jackson-annotations\2.15.2\jackson-annotations-2.15.2.jar;C:\Users\carlos.silva\.m2\repository\com\fasterxml\jackson\core\jackson-core\2.15.2\jackson-core-2.15.2.jar;C:\Users\carlos.silva\.m2\repository\org\apache\commons\commons-text\1.10.0\commons-text-1.10.0.jar;C:\Users\carlos.silva\.m2\repository\commons-codec\commons-codec\1.15\commons-codec-1.15.jar;C:\Users\carlos.silva\.m2\repository\org\apache\nifi\nifi-data-provenance-utils\1.22.0\nifi-data-provenance-utils-1.22.0.jar;C:\Users\carlos.silva\.m2\repository\org\slf4j\slf4j-simple\2.0.7\slf4j-simple-2.0.7.jar;C:\Users\carlos.silva\.m2\repository\org\slf4j\slf4j-api\2.0.7\slf4j-api-2.0.7.jar;C:\Users\carlos.silva\.m2\repository\org\junit\jupiter\junit-jupiter-api\5.9.3\junit-jupiter-api-5.9.3.jar;C:\Users\carlos.silva\.m2\repository\org\opentest4j\opentest4j\1.2.0\opentest4j-1.2.0.jar;C:\Users\carlos.silva\.m2\repository\org\junit\platform\junit-platform-commons\1.9.3\junit-platform-commons-1.9.3.jar;C:\Users\carlos.silva\.m2\repository\org\apiguardian\apiguardian-api\1.1.2\apiguardian-api-1.1.2.jar;C:\Users\carlos.silva\.m2\repository\org\junit\jupiter\junit-jupiter-engine\5.9.3\junit-jupiter-engine-5.9.3.jar;C:\Users\carlos.silva\.m2\repository\org\junit\platform\junit-platform-engine\1.9.3\junit-platform-engine-1.9.3.jar;C:\Users\carlos.silva\.m2\repository\com\nimbusds\nimbus-jose-jwt\9.37\nimbus-jose-jwt-9.37.jar;C:\Users\carlos.silva\.m2\repository\com\github\stephenc\jcip\jcip-annotations\1.0-1\jcip-annotations-1.0-1.jar;C:\Users\carlos.silva\.m2\repository\org\junit\vintage\junit-vintage-engine\5.9.3\junit-vintage-engine-5.9.3.jar;C:\Users\carlos.silva\.m2\repository\junit\junit\4.13.2\junit-4.13.2.jar;C:\Users\carlos.silva\.m2\repository\org\hamcrest\hamcrest-core\1.3\hamcrest-core-1.3.jar;C:\Users\carlos.silva\.m2\repository\org\junit\jupiter\junit-jupiter-params\5.9.3\junit-jupiter-params-5.9.3.jar;C:\Users\carlos.silva\.m2\repository\org\mockito\mockito-core\4.11.0\mockito-core-4.11.0.jar;C:\Users\carlos.silva\.m2\repository\net\bytebuddy\byte-buddy\1.12.19\byte-buddy-1.12.19.jar;C:\Users\carlos.silva\.m2\repository\net\bytebuddy\byte-buddy-agent\1.12.19\byte-buddy-agent-1.12.19.jar;C:\Users\carlos.silva\.m2\repository\org\objenesis\objenesis\3.3\objenesis-3.3.jar;C:\Users\carlos.silva\.m2\repository\org\mockito\mockito-junit-jupiter\4.11.0\mockito-junit-jupiter-4.11.0.jar;C:\Users\carlos.silva\.m2\repository\org\codehaus\groovy\groovy-test\3.0.17\groovy-test-3.0.17.jar;C:\Users\carlos.silva\.m2\repository\org\codehaus\groovy\groovy\3.0.17\groovy-3.0.17.jar;"/>
    <property name="java.vm.vendor" value="Oracle Corporation"/>
    <property name="sun.arch.data.model" value="64"/>
    <property name="user.variant" value=""/>
    <property name="java.vendor.url" value="https://java.oracle.com/"/>
    <property name="user.timezone" value="America/Sao_Paulo"/>
    <property name="java.vm.specification.version" value="11"/>
    <property name="os.name" value="Windows 10"/>
    <property name="sun.java.launcher" value="SUN_STANDARD"/>
    <property name="user.country" value="BR"/>
    <property name="sun.boot.library.path" value="C:\Program Files\Java\jdk-11\bin"/>
    <property name="sun.java.command" value="C:\Users\carlos.silva\AppData\Local\Temp\surefire4041126085043558576\surefirebooter-20250521170458169_3.jar C:\Users\carlos.silva\AppData\Local\Temp\surefire4041126085043558576 2025-05-21T17-04-58_081-jvmRun1 surefire-20250521170458169_1tmp surefire_0-20250521170458169_2tmp"/>
    <property name="jdk.debug" value="release"/>
    <property name="surefire.test.class.path" value="C:\Users\carlos.silva\Desktop\custom-processor\processadores - Apache Nifi\intelipost-tokengenerator\nifi-TokenGenerator-processors\target\test-classes;C:\Users\carlos.silva\Desktop\custom-processor\processadores - Apache Nifi\intelipost-tokengenerator\nifi-TokenGenerator-processors\target\classes;C:\Users\carlos.silva\.m2\repository\org\apache\nifi\nifi-api\1.22.0\nifi-api-1.22.0.jar;C:\Users\carlos.silva\.m2\repository\org\apache\nifi\nifi-utils\1.22.0\nifi-utils-1.22.0.jar;C:\Users\carlos.silva\.m2\repository\jakarta\xml\bind\jakarta.xml.bind-api\2.3.3\jakarta.xml.bind-api-2.3.3.jar;C:\Users\carlos.silva\.m2\repository\jakarta\activation\jakarta.activation-api\1.2.2\jakarta.activation-api-1.2.2.jar;C:\Users\carlos.silva\.m2\repository\org\glassfish\jaxb\jaxb-runtime\2.3.5\jaxb-runtime-2.3.5.jar;C:\Users\carlos.silva\.m2\repository\org\glassfish\jaxb\txw2\2.3.5\txw2-2.3.5.jar;C:\Users\carlos.silva\.m2\repository\com\sun\istack\istack-commons-runtime\3.0.12\istack-commons-runtime-3.0.12.jar;C:\Users\carlos.silva\.m2\repository\com\sun\activation\jakarta.activation\1.2.2\jakarta.activation-1.2.2.jar;C:\Users\carlos.silva\.m2\repository\org\apache\nifi\nifi-mock\1.22.0\nifi-mock-1.22.0.jar;C:\Users\carlos.silva\.m2\repository\org\apache\nifi\nifi-framework-api\1.22.0\nifi-framework-api-1.22.0.jar;C:\Users\carlos.silva\.m2\repository\org\apache\nifi\nifi-parameter\1.22.0\nifi-parameter-1.22.0.jar;C:\Users\carlos.silva\.m2\repository\org\apache\nifi\nifi-framework-core-api\1.22.0\nifi-framework-core-api-1.22.0.jar;C:\Users\carlos.silva\.m2\repository\org\apache\nifi\nifi-framework-nar-utils\1.22.0\nifi-framework-nar-utils-1.22.0.jar;C:\Users\carlos.silva\.m2\repository\org\apache\nifi\nifi-runtime-manifest-core\1.22.0\nifi-runtime-manifest-core-1.22.0.jar;C:\Users\carlos.silva\.m2\repository\org\apache\nifi\nifi-extension-manifest-model\1.22.0\nifi-extension-manifest-model-1.22.0.jar;C:\Users\carlos.silva\.m2\repository\org\apache\nifi\nifi-extension-manifest-parser\1.22.0\nifi-extension-manifest-parser-1.22.0.jar;C:\Users\carlos.silva\.m2\repository\org\apache\nifi\nifi-client-dto\1.22.0\nifi-client-dto-1.22.0.jar;C:\Users\carlos.silva\.m2\repository\io\swagger\swagger-annotations\1.6.11\swagger-annotations-1.6.11.jar;C:\Users\carlos.silva\.m2\repository\org\apache\nifi\c2-protocol-component-api\1.22.0\c2-protocol-component-api-1.22.0.jar;C:\Users\carlos.silva\.m2\repository\org\apache\nifi\nifi-site-to-site-client\1.22.0\nifi-site-to-site-client-1.22.0.jar;C:\Users\carlos.silva\.m2\repository\org\apache\nifi\nifi-security-utils\1.22.0\nifi-security-utils-1.22.0.jar;C:\Users\carlos.silva\.m2\repository\org\apache\nifi\nifi-deprecation-log\1.22.0\nifi-deprecation-log-1.22.0.jar;C:\Users\carlos.silva\.m2\repository\org\bouncycastle\bcprov-jdk18on\1.71\bcprov-jdk18on-1.71.jar;C:\Users\carlos.silva\.m2\repository\org\bouncycastle\bcpkix-jdk18on\1.71\bcpkix-jdk18on-1.71.jar;C:\Users\carlos.silva\.m2\repository\org\bouncycastle\bcutil-jdk18on\1.71\bcutil-jdk18on-1.71.jar;C:\Users\carlos.silva\.m2\repository\org\apache\nifi\nifi-properties\1.22.0\nifi-properties-1.22.0.jar;C:\Users\carlos.silva\.m2\repository\org\apache\nifi\nifi-property-utils\1.22.0\nifi-property-utils-1.22.0.jar;C:\Users\carlos.silva\.m2\repository\at\favre\lib\bcrypt\0.10.2\bcrypt-0.10.2.jar;C:\Users\carlos.silva\.m2\repository\at\favre\lib\bytes\1.5.0\bytes-1.5.0.jar;C:\Users\carlos.silva\.m2\repository\org\apache\nifi\nifi-security-utils-api\1.22.0\nifi-security-utils-api-1.22.0.jar;C:\Users\carlos.silva\.m2\repository\org\apache\nifi\nifi-security-ssl\1.22.0\nifi-security-ssl-1.22.0.jar;C:\Users\carlos.silva\.m2\repository\org\apache\nifi\nifi-xml-processing\1.22.0\nifi-xml-processing-1.22.0.jar;C:\Users\carlos.silva\.m2\repository\org\apache\httpcomponents\client5\httpclient5\5.0-beta4\httpclient5-5.0-beta4.jar;C:\Users\carlos.silva\.m2\repository\org\apache\httpcomponents\core5\httpcore5\5.0-beta7\httpcore5-5.0-beta7.jar;C:\Users\carlos.silva\.m2\repository\org\apache\httpcomponents\core5\httpcore5-h2\5.0-beta7\httpcore5-h2-5.0-beta7.jar;C:\Users\carlos.silva\.m2\repository\org\apache\httpcomponents\httpasyncclient\4.1.5\httpasyncclient-4.1.5.jar;C:\Users\carlos.silva\.m2\repository\org\apache\httpcomponents\httpcore\4.4.16\httpcore-4.4.16.jar;C:\Users\carlos.silva\.m2\repository\org\apache\httpcomponents\httpcore-nio\4.4.15\httpcore-nio-4.4.15.jar;C:\Users\carlos.silva\.m2\repository\org\apache\httpcomponents\httpclient\4.5.14\httpclient-4.5.14.jar;C:\Users\carlos.silva\.m2\repository\javax\validation\validation-api\2.0.1.Final\validation-api-2.0.1.Final.jar;C:\Users\carlos.silva\.m2\repository\org\apache\commons\commons-lang3\3.12.0\commons-lang3-3.12.0.jar;C:\Users\carlos.silva\.m2\repository\org\apache\nifi\nifi-framework-authorization\1.22.0\nifi-framework-authorization-1.22.0.jar;C:\Users\carlos.silva\.m2\repository\org\apache\nifi\nifi-expression-language\1.22.0\nifi-expression-language-1.22.0.jar;C:\Users\carlos.silva\.m2\repository\org\antlr\antlr-runtime\3.5.3\antlr-runtime-3.5.3.jar;C:\Users\carlos.silva\.m2\repository\org\apache\nifi\nifi-uuid5\1.22.0\nifi-uuid5-1.22.0.jar;C:\Users\carlos.silva\.m2\repository\com\jayway\jsonpath\json-path\2.8.0\json-path-2.8.0.jar;C:\Users\carlos.silva\.m2\repository\net\minidev\json-smart\2.4.11\json-smart-2.4.11.jar;C:\Users\carlos.silva\.m2\repository\net\minidev\accessors-smart\2.4.11\accessors-smart-2.4.11.jar;C:\Users\carlos.silva\.m2\repository\org\ow2\asm\asm\9.3\asm-9.3.jar;C:\Users\carlos.silva\.m2\repository\com\fasterxml\jackson\core\jackson-databind\2.15.2\jackson-databind-2.15.2.jar;C:\Users\carlos.silva\.m2\repository\com\fasterxml\jackson\core\jackson-annotations\2.15.2\jackson-annotations-2.15.2.jar;C:\Users\carlos.silva\.m2\repository\com\fasterxml\jackson\core\jackson-core\2.15.2\jackson-core-2.15.2.jar;C:\Users\carlos.silva\.m2\repository\org\apache\commons\commons-text\1.10.0\commons-text-1.10.0.jar;C:\Users\carlos.silva\.m2\repository\commons-codec\commons-codec\1.15\commons-codec-1.15.jar;C:\Users\carlos.silva\.m2\repository\org\apache\nifi\nifi-data-provenance-utils\1.22.0\nifi-data-provenance-utils-1.22.0.jar;C:\Users\carlos.silva\.m2\repository\org\slf4j\slf4j-simple\2.0.7\slf4j-simple-2.0.7.jar;C:\Users\carlos.silva\.m2\repository\org\slf4j\slf4j-api\2.0.7\slf4j-api-2.0.7.jar;C:\Users\carlos.silva\.m2\repository\org\junit\jupiter\junit-jupiter-api\5.9.3\junit-jupiter-api-5.9.3.jar;C:\Users\carlos.silva\.m2\repository\org\opentest4j\opentest4j\1.2.0\opentest4j-1.2.0.jar;C:\Users\carlos.silva\.m2\repository\org\junit\platform\junit-platform-commons\1.9.3\junit-platform-commons-1.9.3.jar;C:\Users\carlos.silva\.m2\repository\org\apiguardian\apiguardian-api\1.1.2\apiguardian-api-1.1.2.jar;C:\Users\carlos.silva\.m2\repository\org\junit\jupiter\junit-jupiter-engine\5.9.3\junit-jupiter-engine-5.9.3.jar;C:\Users\carlos.silva\.m2\repository\org\junit\platform\junit-platform-engine\1.9.3\junit-platform-engine-1.9.3.jar;C:\Users\carlos.silva\.m2\repository\com\nimbusds\nimbus-jose-jwt\9.37\nimbus-jose-jwt-9.37.jar;C:\Users\carlos.silva\.m2\repository\com\github\stephenc\jcip\jcip-annotations\1.0-1\jcip-annotations-1.0-1.jar;C:\Users\carlos.silva\.m2\repository\org\junit\vintage\junit-vintage-engine\5.9.3\junit-vintage-engine-5.9.3.jar;C:\Users\carlos.silva\.m2\repository\junit\junit\4.13.2\junit-4.13.2.jar;C:\Users\carlos.silva\.m2\repository\org\hamcrest\hamcrest-core\1.3\hamcrest-core-1.3.jar;C:\Users\carlos.silva\.m2\repository\org\junit\jupiter\junit-jupiter-params\5.9.3\junit-jupiter-params-5.9.3.jar;C:\Users\carlos.silva\.m2\repository\org\mockito\mockito-core\4.11.0\mockito-core-4.11.0.jar;C:\Users\carlos.silva\.m2\repository\net\bytebuddy\byte-buddy\1.12.19\byte-buddy-1.12.19.jar;C:\Users\carlos.silva\.m2\repository\net\bytebuddy\byte-buddy-agent\1.12.19\byte-buddy-agent-1.12.19.jar;C:\Users\carlos.silva\.m2\repository\org\objenesis\objenesis\3.3\objenesis-3.3.jar;C:\Users\carlos.silva\.m2\repository\org\mockito\mockito-junit-jupiter\4.11.0\mockito-junit-jupiter-4.11.0.jar;C:\Users\carlos.silva\.m2\repository\org\codehaus\groovy\groovy-test\3.0.17\groovy-test-3.0.17.jar;C:\Users\carlos.silva\.m2\repository\org\codehaus\groovy\groovy\3.0.17\groovy-3.0.17.jar;"/>
    <property name="sun.cpu.endian" value="little"/>
    <property name="user.home" value="C:\Users\carlos.silva"/>
    <property name="user.language" value="pt"/>
    <property name="java.specification.vendor" value="Oracle Corporation"/>
    <property name="java.version.date" value="2025-04-15"/>
    <property name="java.home" value="C:\Program Files\Java\jdk-11"/>
    <property name="file.separator" value="\"/>
    <property name="basedir" value="C:\Users\carlos.silva\Desktop\custom-processor\processadores - Apache Nifi\intelipost-tokengenerator\nifi-TokenGenerator-processors"/>
    <property name="java.vm.compressedOopsMode" value="Zero based"/>
    <property name="line.separator" value="&#10;"/>
    <property name="java.specification.name" value="Java Platform API Specification"/>
    <property name="java.vm.specification.vendor" value="Oracle Corporation"/>
    <property name="java.awt.graphicsenv" value="sun.awt.Win32GraphicsEnvironment"/>
    <property name="java.awt.headless" value="true"/>
    <property name="surefire.real.class.path" value="C:\Users\carlos.silva\AppData\Local\Temp\surefire4041126085043558576\surefirebooter-20250521170458169_3.jar"/>
    <property name="user.script" value=""/>
    <property name="sun.management.compiler" value="HotSpot 64-Bit Tiered Compilers"/>
    <property name="java.runtime.version" value="11.0.27+8-LTS-232"/>
    <property name="user.name" value="carlos.silva"/>
    <property name="path.separator" value=";"/>
    <property name="os.version" value="10.0"/>
    <property name="java.runtime.name" value="Java(TM) SE Runtime Environment"/>
    <property name="file.encoding" value="Cp1252"/>
    <property name="java.vm.name" value="Java HotSpot(TM) 64-Bit Server VM"/>
    <property name="java.vendor.version" value="18.9"/>
    <property name="localRepository" value="C:\Users\carlos.silva\.m2\repository"/>
    <property name="java.vendor.url.bug" value="https://bugreport.java.com/bugreport/"/>
    <property name="java.io.tmpdir" value="C:\Users\CARLOS~1.SIL\AppData\Local\Temp\"/>
    <property name="java.version" value="11.0.27"/>
    <property name="user.dir" value="C:\Users\carlos.silva\Desktop\custom-processor\processadores - Apache Nifi\intelipost-tokengenerator\nifi-TokenGenerator-processors"/>
    <property name="os.arch" value="amd64"/>
    <property name="java.vm.specification.name" value="Java Virtual Machine Specification"/>
    <property name="java.awt.printerjob" value="sun.awt.windows.WPrinterJob"/>
    <property name="sun.os.patch.level" value=""/>
    <property name="java.library.path" value="C:\Program Files\Java\jdk-11\bin;C:\Windows\Sun\Java\bin;C:\Windows\system32;C:\Windows;C:\Program Files\Common Files\Oracle\Java\javapath;C:\Program Files (x86)\Common Files\Oracle\Java\java8path;C:\db_home\bin;C:\db_home\perl\bin;C:\db_home\OPatch;C:\Windows;C:\Windows\System32\Wbem;C:\Windows\System32\WindowsPowerShell\v1.0\;C:\Windows\System32\OpenSSH\;C:\Program Files (x86)\InvGate\Insight Agent;C:\Windows\system32;D:\Git\cmd;C:\Users\carlos.silva\AppData\Local\Microsoft\WindowsApps;%ORACLE_HOME$\OPatch;D:\Microsoft VS Code\bin;C:\OracleOle;C:\OracleOle;C:\Viasoft\Client\Dlls;C:\Users\carlos.silva\AppData\Local\Microsoft\WindowsApps;%ORACLE_HOME$\OPatch;C:\db_home\perl\bin;D:\Microsoft VS Code\bin;C:\OracleOle;D:\dev\apache-maven-3.9.9\bin;;."/>
    <property name="java.vendor" value="Oracle Corporation"/>
    <property name="java.vm.info" value="mixed mode"/>
    <property name="java.vm.version" value="11.0.27+8-LTS-232"/>
    <property name="java.specification.maintenance.version" value="3"/>
    <property name="sun.io.unicode.encoding" value="UnicodeLittle"/>
    <property name="java.class.version" value="55.0"/>
  </properties>
  <testcase name="testProcessor" classname="intelipost.nifi.processors.TokenGenerator.MyProcessorTest" time="0.214"/>
</testsuite>